ca65 V2.18 - Ubuntu 2.18-1
Main file   : ../inc/kernal.s
Current file: ../inc/kernal.s

000000r 1               .export _acia_init
000000r 1               .export _acia_getc
000000r 1               .export _acia_putc
000000r 1               .export _acia_getc_nw
000000r 1               .export _acia_puts
000000r 1               .export _cgetc
000000r 1               .export _cputc
000000r 1               .export _cputs
000000r 1               .export _cgetc_nw
000000r 1               .export _delay_ms
000000r 1               .export _wozmon
000000r 1               .export _prbyte
000000r 1               .export _vdp_init
000000r 1               .export _vdp_init_g2
000000r 1               .export _vdp_set_write_address
000000r 1               .export _vdp_set_read_address
000000r 1               .export _vdp_wait
000000r 1               .export _vdp_flush
000000r 1               .export _vdp_write_to_screen_xy
000000r 1               .export _vdp_read_from_screen_xy
000000r 1               
000000r 1               .export vdp_write_to_screen_xy
000000r 1               .export vdp_read_from_screen_xy
000000r 1               
000000r 1               .code
000000r 1  6C 00 FF     _acia_init:               jmp ($FF00)
000003r 1  6C 02 FF     _acia_getc:               jmp ($FF02)
000006r 1  6C 04 FF     _acia_putc:               jmp ($FF04)
000009r 1  6C 06 FF     _acia_getc_nw:            jmp ($FF06)
00000Cr 1  6C 08 FF     _acia_puts:               jmp ($FF08)
00000Fr 1  6C 0A FF     _cgetc:                   jmp ($FF0A)
000012r 1  6C 0C FF     _cputc:                   jmp ($FF0C)
000015r 1  6C 0E FF     _cputs:                   jmp ($FF0E)
000018r 1  6C 10 FF     _cgetc_nw:                jmp ($FF10)
00001Br 1  6C 12 FF     _delay_ms:                jmp ($FF12)
00001Er 1  6C 14 FF     _wozmon:                  jmp ($FF14)
000021r 1  6C 16 FF     _prbyte:                  jmp ($FF16)
000024r 1  6C 18 FF     _vdp_init:                jmp ($FF18)
000027r 1  6C 1A FF     _vdp_init_g2:             jmp ($FF1A)
00002Ar 1  6C 1C FF     _vdp_set_write_address:   jmp ($FF1C)
00002Dr 1  6C 1E FF     _vdp_set_read_address:    jmp ($FF1E)
000030r 1  6C 20 FF     _vdp_wait:                jmp ($FF20)
000033r 1  6C 22 FF     _vdp_flush:               jmp ($FF22)
000036r 1  6C 24 FF     _vdp_write_to_screen_xy:  jmp ($FF24)
000039r 1  6C 26 FF     _vdp_read_from_screen_xy: jmp ($FF26)
00003Cr 1               
00003Cr 1  6C 28 FF     vdp_write_to_screen_xy:   jmp ($FF28)
00003Fr 1  6C 2A FF     vdp_read_from_screen_xy:  jmp ($FF2A)
00003Fr 1               
