ca65 V2.18 - Ubuntu 2.18-1
Main file   : common/src/utils.s
Current file: common/src/utils.s

000000r 1                     .include "zeropage.inc"
000000r 2                       .globalzp usr_irq
000000r 2                       .globalzp con_r_idx
000000r 2                       .globalzp con_w_idx
000000r 2                       .globalzp str_ptr
000000r 2                       .globalzp tmp1
000000r 2                       .globalzp crc
000000r 2                       .globalzp crch
000000r 2                       .globalzp ptr
000000r 2                       .globalzp ptrh
000000r 2                       .globalzp blkno
000000r 2                       .globalzp retry
000000r 2                       .globalzp retry2
000000r 2                       .globalzp bflag
000000r 2                       .globalzp XAML
000000r 2                       .globalzp XAMH
000000r 2                       .globalzp STL
000000r 2                       .globalzp STH
000000r 2                       .globalzp L
000000r 2                       .globalzp H
000000r 2                       .globalzp YSAV
000000r 2                       .globalzp MODE
000000r 2                       .globalzp MSGL
000000r 2                       .globalzp MSGH
000000r 2               
000000r 1               
000000r 1                     .export _delay_ms
000000r 1                     .export _delay_sec
000000r 1               
000000r 1                     .code
000000r 1               
000000r 1               _delay_ms:
000000r 1  85 rr              sta tmp1
000002r 1  8A                 txa
000003r 1  48                 pha
000004r 1  98                 tya
000005r 1  48                 pha
000006r 1  A6 rr              ldx tmp1
000008r 1  A0 BE              ldy #190
00000Ar 1               loop1:
00000Ar 1  88                 dey
00000Br 1  D0 FD              bne loop1
00000Dr 1               
00000Dr 1               loop2:
00000Dr 1  CA                 dex
00000Er 1  F0 09              beq return
000010r 1  EA                 nop
000011r 1  A0 C6              ldy #198
000013r 1               loop3:
000013r 1  88                 dey
000014r 1  D0 FD              bne loop3
000016r 1  4C rr rr           jmp loop2
000019r 1               return:
000019r 1  68                 pla
00001Ar 1  A8                 tay
00001Br 1  68                 pla
00001Cr 1  AA                 tax
00001Dr 1  A5 rr              lda tmp1
00001Fr 1  60                 rts
000020r 1               
000020r 1               
000020r 1               _delay_sec:
000020r 1  A9 FA              lda #250
000022r 1  20 rr rr           jsr _delay_ms
000025r 1  A9 FA              lda #250
000027r 1  20 rr rr           jsr _delay_ms
00002Ar 1  A9 FA              lda #250
00002Cr 1  20 rr rr           jsr _delay_ms
00002Fr 1  A9 FA              lda #250
000031r 1  20 rr rr           jsr _delay_ms
000034r 1  60                 rts
000034r 1               
