ca65 V2.18 - Ubuntu 2.18-1
Main file   : common/src/via.s
Current file: common/src/via.s

000000r 1                   .include "via_const.inc"
000000r 2               ; Auxillary Control Register flags
000000r 2               VIA_ACR_T1_SINGLE_NO_PB7           = %00000000
000000r 2               VIA_ACR_T1_CONT_NO_PB7             = %01000000
000000r 2               VIA_ACR_T1_SINGLE_ONE_SHOT_PB7     = %10000000
000000r 2               VIA_ACR_T1_CONT_SQUARE_PB7         = %11000000
000000r 2               
000000r 2               VIA_ACR_T2_TIMED                   = %00000000
000000r 2               VIA_ACR_T2_COUNT_PB6               = %00100000
000000r 2               
000000r 2               VIA_ACR_SR_DISABLED                = %00000000
000000r 2               VIA_ACR_SR_SHIFT_IN_T2             = %00000100
000000r 2               VIA_ACR_SR_SHIFT_IN_PHI2           = %00001000
000000r 2               VIA_ACR_SR_SHIFT_IN_EXT            = %00001100
000000r 2               VIA_ACR_SR_SHIFT_OUT_FREE          = %00010000
000000r 2               VIA_ACR_SR_SHIFT_OUT_T2            = %00010100
000000r 2               VIA_ACR_SR_SHIFT_OUT_PHI2          = %00011000
000000r 2               VIA_ACR_SR_SHIFT_OUT_EXT           = %00011100
000000r 2               
000000r 2               VIA_ACR_PB_LATCH_DISABLE           = %00000000
000000r 2               VIA_ACR_PB_LATCH_ENABLE            = %00000010
000000r 2               
000000r 2               VIA_ACR_PA_LATCH_DISABLE           = %00000000
000000r 2               VIA_ACR_PA_LATCH_ENABLE            = %00000001
000000r 2               
000000r 2               ; Peripheral Control Register flags
000000r 2               VIA_PCR_CA1_INTERRUPT_NEGATIVE     = %00000000
000000r 2               VIA_PCR_CA1_INTERRUPT_POSITIVE     = %00000001
000000r 2               
000000r 2               VIA_PCR_CA2_INPUT_NEG_ACT_EDGE     = %00000000
000000r 2               VIA_PCR_CA2_IND_INPUT_NEG_ACT_EDGE = %00000010
000000r 2               VIA_PCR_CA2_INPUT_POS_ACT_EDGE     = %00000100
000000r 2               VIA_PCR_CA2_IND_INPUT_POS_ACT_EDGE = %00000110
000000r 2               VIA_PCR_CA2_OUTPUT_HANDSHAKE       = %00001000
000000r 2               VIA_PCR_CA2_OUTPUT_PULSE           = %00001010
000000r 2               VIA_PCR_CA2_OUTPUT_LOW             = %00001100
000000r 2               VIA_PCR_CA2_OUTPUT_HIGH            = %00001110
000000r 2               
000000r 2               VIA_PCR_CB1_INTERRUPT_NEGATIVE     = %00000000
000000r 2               VIA_PCR_CB1_INTERRUPT_POSITIVE     = %00010000
000000r 2               
000000r 2               VIA_PCR_CB2_INPUT_NEG_ACT_EDGE     = %00000000
000000r 2               VIA_PCR_CB2_IND_INPUT_NEG_ACT_EDGE = %00100000
000000r 2               VIA_PCR_CB2_INPUT_POS_ACT_EDGE     = %01000000
000000r 2               VIA_PCR_CB2_IND_INPUT_POS_ACT_EDGE = %01100000
000000r 2               VIA_PCR_CB2_OUTPUT_HANDSHAKE       = %10000000
000000r 2               VIA_PCR_CB2_OUTPUT_PULSE           = %10100000
000000r 2               VIA_PCR_CB2_OUTPUT_LOW             = %11000000
000000r 2               VIA_PCR_CB2_OUTPUT_HIGH            = %11100000
000000r 2               
000000r 2               ; Interrupt Flag Register flags
000000r 2               VIA_IFR_CA2_ACTIVE_EDGE            = %00000001
000000r 2               VIA_IFR_CA1_ACTIVE_EDGE            = %00000010
000000r 2               VIA_IFR_SHIFT_8_BITS               = %00000100
000000r 2               VIA_IFR_CB2_ACTIVE_EDGE            = %00001000
000000r 2               VIA_IFR_CB1_ACTIVE_EDGE            = %00010000
000000r 2               VIA_IFR_TIME_OUT_T2                = %00100000
000000r 2               VIA_IFR_TIME_OUT_T1                = %01000000
000000r 2               VIA_IFR_INTERRUPT                  = %10000000
000000r 2               
000000r 2               ; Interrupt Enable Register flags
000000r 2               VIA_IER_CLEAR_FLAGS                = %00000000
000000r 2               VIA_IER_SET_FLAGS                  = %10000000
000000r 2               VIA_IER_TIMER1_FLAG                = %01000000
000000r 2               VIA_IER_TIMER2_FLAG                = %00100000
000000r 2               VIA_IER_CB1_FLAG                   = %00010000
000000r 2               VIA_IER_CB2_FLAG                   = %00001000
000000r 2               VIA_IER_SHIFT_REGISTER_FLAG        = %00000100
000000r 2               VIA_IER_CA1_FLAG                   = %00000010
000000r 2               VIA_IER_CA2_FLAG                   = %00000001
000000r 2               
000000r 2               VIA_REGISTER_PORTB = $00
000000r 2               VIA_REGISTER_PORTA = $01
000000r 2               VIA_REGISTER_DDRB  = $02
000000r 2               VIA_REGISTER_DDRA  = $03
000000r 2               VIA_REGISTER_T1CL  = $04
000000r 2               VIA_REGISTER_T1CH  = $05
000000r 2               VIA_REGISTER_T1LL  = $06
000000r 2               VIA_REGISTER_T1LH  = $07
000000r 2               VIA_REGISTER_T2CL  = $08
000000r 2               VIA_REGISTER_T2CH  = $09
000000r 2               VIA_REGISTER_SR    = $0a
000000r 2               VIA_REGISTER_ACR   = $0b
000000r 2               VIA_REGISTER_PCR   = $0c
000000r 2               VIA_REGISTER_IFR   = $0d
000000r 2               VIA_REGISTER_IER   = $0e
000000r 2               VIA_REGISTER_PANH  = $0f
000000r 2               
000000r 1               
000000r 1                   .import __VIA_START__
000000r 1               
000000r 1                   .export VIA_PORTB
000000r 1                   .export VIA_PORTA
000000r 1                   .export VIA_DDRB
000000r 1                   .export VIA_DDRA
000000r 1                   .export VIA_T1CL
000000r 1                   .export VIA_T1CH
000000r 1                   .export VIA_T1LL
000000r 1                   .export VIA_T1LH
000000r 1                   .export VIA_T2CL
000000r 1                   .export VIA_T2CH
000000r 1                   .export VIA_SR
000000r 1                   .export VIA_ACR
000000r 1                   .export VIA_PCR
000000r 1                   .export VIA_IFR
000000r 1                   .export VIA_IER
000000r 1                   .export VIA_PANH
000000r 1               
000000r 1               
000000r 1               VIA_PORTB = __VIA_START__ + VIA_REGISTER_PORTB
000000r 1               VIA_PORTA = __VIA_START__ + VIA_REGISTER_PORTA
000000r 1               VIA_DDRB  = __VIA_START__ + VIA_REGISTER_DDRB
000000r 1               VIA_DDRA  = __VIA_START__ + VIA_REGISTER_DDRA
000000r 1               VIA_T1CL  = __VIA_START__ + VIA_REGISTER_T1CL
000000r 1               VIA_T1CH  = __VIA_START__ + VIA_REGISTER_T1CH
000000r 1               VIA_T1LL  = __VIA_START__ + VIA_REGISTER_T1LL
000000r 1               VIA_T1LH  = __VIA_START__ + VIA_REGISTER_T1LH
000000r 1               VIA_T2CL  = __VIA_START__ + VIA_REGISTER_T2CL
000000r 1               VIA_T2CH  = __VIA_START__ + VIA_REGISTER_T2CH
000000r 1               VIA_SR    = __VIA_START__ + VIA_REGISTER_SR
000000r 1               VIA_ACR   = __VIA_START__ + VIA_REGISTER_ACR
000000r 1               VIA_PCR   = __VIA_START__ + VIA_REGISTER_PCR
000000r 1               VIA_IFR   = __VIA_START__ + VIA_REGISTER_IFR
000000r 1               VIA_IER   = __VIA_START__ + VIA_REGISTER_IER
000000r 1               VIA_PANH  = __VIA_START__ + VIA_REGISTER_PANH
000000r 1               
