ca65 V2.18 - Ubuntu 2.18-1
Main file   : common/src/zeropage.s
Current file: common/src/zeropage.s

000000r 1                       .exportzp usr_irq
000000r 1                       .exportzp con_r_idx
000000r 1                       .exportzp con_w_idx
000000r 1                       .exportzp str_ptr
000000r 1                       .exportzp tmp1
000000r 1                       .exportzp crc
000000r 1                       .exportzp crch
000000r 1                       .exportzp ptr
000000r 1                       .exportzp ptrh
000000r 1                       .exportzp blkno
000000r 1                       .exportzp retry
000000r 1                       .exportzp retry2
000000r 1                       .exportzp bflag
000000r 1                       .exportzp XAML
000000r 1                       .exportzp XAMH
000000r 1                       .exportzp STL
000000r 1                       .exportzp STH
000000r 1                       .exportzp L
000000r 1                       .exportzp H
000000r 1                       .exportzp YSAV
000000r 1                       .exportzp MODE
000000r 1                       .exportzp MSGL
000000r 1                       .exportzp MSGH
000000r 1               
000000r 1                       .zeropage
000000r 1  00 00        usr_irq:                .res 2, 0  ; jump vector for user defined IRQ routines
000002r 1  00           con_r_idx:              .res 1, 0  ; console read index initialized to 0
000003r 1  00           con_w_idx:              .res 1, 0  ; console write index initialized to 0
000004r 1  00 00        str_ptr:                .res 2, 0  ; string pointer
000006r 1  00           tmp1:                   .res 1, 0  ; used by delay routines in utils library
000007r 1  xx           crc:                    .res 1     ; xmodem
000008r 1  xx           crch:                   .res 1     ; xmodem
000009r 1  xx           ptr:                    .res 1     ; xmodem
00000Ar 1  xx           ptrh:                   .res 1     ; xmodem
00000Br 1  xx           blkno:                  .res 1     ; xmodem
00000Cr 1  xx           retry:                  .res 1     ; xmodem
00000Dr 1  xx           retry2:                 .res 1     ; xmodem
00000Er 1  xx           bflag:                  .res 1     ; xmodem
00000Fr 1  xx           XAML:                   .res 1     ; wozmon
000010r 1  xx           XAMH:                   .res 1     ; wozmon
000011r 1  xx           STL:                    .res 1     ; wozmon
000012r 1  xx           STH:                    .res 1     ; wozmon
000013r 1  xx           L:                      .res 1     ; wozmon
000014r 1  xx           H:                      .res 1     ; wozmon
000015r 1  xx           YSAV:                   .res 1     ; wozmon
000016r 1  xx           MODE:                   .res 1     ; wozmon
000017r 1  xx           MSGL:                   .res 1     ; wozmon
000018r 1  xx           MSGH:                   .res 1     ; wozmon
000018r 1               
